TN:
SF:/Users/lomse/Documents/react-apps/todo-app/server.js
FN:11,(anonymous_0)
FNF:1
FNH:0
FNDA:0,(anonymous_0)
DA:1,0
DA:3,0
DA:5,0
DA:7,0
DA:9,0
DA:11,0
DA:12,0
LF:7
LH:0
BRDA:7,0,0,0
BRDA:7,0,1,0
BRF:2
BRH:0
end_of_record
TN:
SF:/Users/lomse/Documents/react-apps/todo-app/webpack.config.js
FNF:0
FNH:0
DA:1,0
DA:3,0
DA:22,0
LF:3
LH:0
BRF:0
BRH:0
end_of_record
TN:
SF:/Users/lomse/Documents/react-apps/todo-app/public/js/bundle.js
FN:1,(anonymous_0)
FN:6,__webpack_require__
FN:37,(anonymous_2)
FN:44,(anonymous_3)
FN:56,(anonymous_4)
FN:63,(anonymous_5)
FN:68,(anonymous_6)
FN:70,getDefault
FN:71,getModuleExports
FN:77,(anonymous_9)
FN:94,(anonymous_10)
FN:106,(anonymous_11)
FN:118,(anonymous_12)
FN:130,(anonymous_13)
FN:142,(anonymous_14)
FN:153,(anonymous_15)
FN:165,(anonymous_16)
FN:177,(anonymous_17)
FN:188,(anonymous_18)
FN:200,(anonymous_19)
FN:212,(anonymous_20)
FN:224,(anonymous_21)
FN:236,(anonymous_22)
FN:248,(anonymous_23)
FN:260,(anonymous_24)
FN:272,(anonymous_25)
FN:284,(anonymous_26)
FN:296,(anonymous_27)
FN:308,(anonymous_28)
FN:320,(anonymous_29)
FN:332,(anonymous_30)
FN:343,(anonymous_31)
FN:354,(anonymous_32)
FN:365,(anonymous_33)
FN:377,(anonymous_34)
FN:389,(anonymous_35)
FN:401,(anonymous_36)
FN:413,(anonymous_37)
FN:425,(anonymous_38)
FNF:39
FNH:0
FNDA:0,(anonymous_0)
FNDA:0,__webpack_require__
FNDA:0,(anonymous_2)
FNDA:0,(anonymous_3)
FNDA:0,(anonymous_4)
FNDA:0,(anonymous_5)
FNDA:0,(anonymous_6)
FNDA:0,getDefault
FNDA:0,getModuleExports
FNDA:0,(anonymous_9)
FNDA:0,(anonymous_10)
FNDA:0,(anonymous_11)
FNDA:0,(anonymous_12)
FNDA:0,(anonymous_13)
FNDA:0,(anonymous_14)
FNDA:0,(anonymous_15)
FNDA:0,(anonymous_16)
FNDA:0,(anonymous_17)
FNDA:0,(anonymous_18)
FNDA:0,(anonymous_19)
FNDA:0,(anonymous_20)
FNDA:0,(anonymous_21)
FNDA:0,(anonymous_22)
FNDA:0,(anonymous_23)
FNDA:0,(anonymous_24)
FNDA:0,(anonymous_25)
FNDA:0,(anonymous_26)
FNDA:0,(anonymous_27)
FNDA:0,(anonymous_28)
FNDA:0,(anonymous_29)
FNDA:0,(anonymous_30)
FNDA:0,(anonymous_31)
FNDA:0,(anonymous_32)
FNDA:0,(anonymous_33)
FNDA:0,(anonymous_34)
FNDA:0,(anonymous_35)
FNDA:0,(anonymous_36)
FNDA:0,(anonymous_37)
FNDA:0,(anonymous_38)
DA:1,0
DA:3,0
DA:9,0
DA:10,0
DA:13,0
DA:20,0
DA:23,0
DA:26,0
DA:31,0
DA:34,0
DA:37,0
DA:38,0
DA:39,0
DA:44,0
DA:45,0
DA:46,0
DA:48,0
DA:56,0
DA:57,0
DA:58,0
DA:59,0
DA:60,0
DA:61,0
DA:62,0
DA:63,0
DA:64,0
DA:68,0
DA:69,0
DA:70,0
DA:71,0
DA:72,0
DA:73,0
DA:77,0
DA:80,0
DA:84,0
DA:97,0
DA:109,0
DA:121,0
DA:133,0
DA:144,0
DA:156,0
DA:168,0
DA:179,0
DA:191,0
DA:203,0
DA:215,0
DA:227,0
DA:239,0
DA:251,0
DA:263,0
DA:275,0
DA:287,0
DA:299,0
DA:311,0
DA:323,0
DA:334,0
DA:345,0
DA:356,0
DA:368,0
DA:380,0
DA:392,0
DA:404,0
DA:416,0
DA:428,0
LF:64
LH:0
BRDA:9,0,0,0
BRDA:9,0,1,0
BRDA:38,1,0,0
BRDA:38,1,1,0
BRDA:45,2,0,0
BRDA:45,2,1,0
BRDA:45,3,0,0
BRDA:45,3,1,0
BRDA:57,4,0,0
BRDA:57,4,1,0
BRDA:58,5,0,0
BRDA:58,5,1,0
BRDA:59,6,0,0
BRDA:59,6,1,0
BRDA:59,7,0,0
BRDA:59,7,1,0
BRDA:59,7,2,0
BRDA:59,7,3,0
BRDA:63,8,0,0
BRDA:63,8,1,0
BRDA:63,9,0,0
BRDA:63,9,1,0
BRDA:69,10,0,0
BRDA:69,10,1,0
BRDA:69,11,0,0
BRDA:69,11,1,0
BRF:26
BRH:0
end_of_record
TN:
SF:/Users/lomse/Documents/react-apps/todo-app/src/lib/helper.js
FN:10,(anonymous_0)
FN:16,(anonymous_1)
FNF:2
FNH:0
FNDA:0,(anonymous_0)
FNDA:0,(anonymous_1)
DA:10,0
DA:16,0
DA:19,0
LF:3
LH:0
BRF:0
BRH:0
end_of_record
